#
# A fatal error has been detected by the Java Runtime Environment:
#
#  SIGSEGV (0xb) at pc=0x000000010e246914, pid=49668, tid=14087
#
# JRE version: Java(TM) SE Runtime Environment (8.0_60-b27) (build 1.8.0_60-b27)
# Java VM: Java HotSpot(TM) 64-Bit Server VM (25.60-b23 mixed mode bsd-amd64 compressed oops)
# Problematic frame:
# V  [libjvm.dylib+0x446914]
#
# Failed to write core dump. Core dumps have been disabled. To enable core dumping, try "ulimit -c unlimited" before starting Java again
#
# If you would like to submit a bug report, please visit:
#   http://bugreport.java.com/bugreport/crash.jsp
#

---------------  T H R E A D  ---------------

Current thread (0x00007fa1c8008000):  JavaThread "JDWP Transport Listener: dt_socket" daemon [_thread_in_vm, id=14087, stack(0x000070000ac40000,0x000070000ad40000)]

siginfo: si_signo: 11 (SIGSEGV), si_code: 0 (unknown), si_addr: 0x0000000000000000

Registers:
RAX=0x0000000000000001, RBX=0x000070000ad3faab, RCX=0x000000010e615310, RDX=0x000070000ad3faab
RSP=0x000070000ad3f9f0, RBP=0x000070000ad3fa00, RSI=0x00007fa1c8008000, RDI=0x500007fa1c7f4cde
R8 =0x0000000000000000, R9 =0x00007fa1c7f4a240, R10=0x0000000000000001, R11=0x0000000000000001
R12=0x00007fa1c8008000, R13=0x500007fa1c7f4cde, R14=0x500007fa1c7f4cde, R15=0x00007fa1c7d0f820
RIP=0x000000010e246914, EFLAGS=0x0000000000010206, ERR=0x0000000000000000
  TRAPNO=0x000000000000000d

Top of Stack: (sp=0x000070000ad3f9f0)
0x000070000ad3f9f0:   000070000ad3faab 000070000ad3faab
0x000070000ad3fa00:   000070000ad3fa60 000000010e155a0e
0x000070000ad3fa10:   00007fa1c8008000 0000000000000000
0x000070000ad3fa20:   0000000000000000 0000000000000000
0x000070000ad3fa30:   00007fa1c8008000 00007fa1c8008000
0x000070000ad3fa40:   000070000ad3faab 000070000ad3fab0
0x000070000ad3fa50:   500007fa1c7f4cde 0000000000000001
0x000070000ad3fa60:   000070000ad3fa80 000000010d551780
0x000070000ad3fa70:   0000000000000001 000070000ad3fb28
0x000070000ad3fa80:   000070000ad3faf0 000000010d5361f3
0x000070000ad3fa90:   000070000ad3fac0 00007fa1c7f3c720
0x000070000ad3faa0:   0000000300000032 0000000100d3fb28
0x000070000ad3fab0:   0000000000000000 0000000000000000
0x000070000ad3fac0:   0000000000000000 000070000ad3fcb0
0x000070000ad3fad0:   000000010d558e7a 00007fa1c7c334e0
0x000070000ad3fae0:   000070000ad3fb28 000000010d564598
0x000070000ad3faf0:   000070000ad3fb00 000000010d5362ec
0x000070000ad3fb00:   000070000ad3fd20 000000010d53f898
0x000070000ad3fb10:   0003c72200000013 00000000000f0200
0x000070000ad3fb20:   00007fa1c7c59b00 000070000ad3fb9d
0x000070000ad3fb30:   00007fa100000107 000070000ad3fb40
0x000070000ad3fb40:   00007fa100000025 000070000ad3fb78
0x000070000ad3fb50:   0000000000000000 0000000000000000
0x000070000ad3fb60:   0003c7220000001c 0000000000000080
0x000070000ad3fb70:   000070000ad3fb78 a17f000003000000
0x000070000ad3fb80:   060000002862d4c7 00003e74696e693c
0x000070000ad3fb90:   0000005629280300 0000000100000000
0x000070000ad3fba0:   00000101000d0900 0000120000000000
0x000070000ad3fbb0:   ffff380ec1c7a17f 0000ffffffffffff
0x000070000ad3fbc0:   000102000d090000 0012000000000000
0x000070000ad3fbd0:   00400ec1c7a17f00 0064000000000000
0x000070000ad3fbe0:   0103000d09000000 1300000000000000 

Instructions: (pc=0x000000010e246914)
0x000000010e2468f4:   40 48 48 85 c0 75 e0 30 c0 0f b6 c0 5d c3 31 c0
0x000000010e246904:   5d c3 55 48 89 e5 53 48 83 ec 08 48 85 ff 74 24
0x000000010e246914:   48 8b 1f 48 85 db 74 1c 48 83 fb 37 74 16 48 8b
0x000000010e246924:   03 48 89 df ff 50 10 84 c0 b8 00 00 00 00 48 0f 

Register to memory mapping:

RAX=0x0000000000000001 is an unknown value
RBX=0x000070000ad3faab is pointing into the stack for thread: 0x00007fa1c8008000
RCX=0x000000010e615310: UseMembar+0 in /Library/Java/JavaVirtualMachines/jdk1.8.0_60.jdk/Contents/Home/jre/lib/server/libjvm.dylib at 0x000000010de00000
RDX=0x000070000ad3faab is pointing into the stack for thread: 0x00007fa1c8008000
RSP=0x000070000ad3f9f0 is pointing into the stack for thread: 0x00007fa1c8008000
RBP=0x000070000ad3fa00 is pointing into the stack for thread: 0x00007fa1c8008000
RSI=0x00007fa1c8008000 is a thread
RDI=0x500007fa1c7f4cde is an unknown value
R8 =0x0000000000000000 is an unknown value
R9 =0x00007fa1c7f4a240 is an unknown value
R10=0x0000000000000001 is an unknown value
R11=0x0000000000000001 is an unknown value
R12=0x00007fa1c8008000 is a thread
R13=0x500007fa1c7f4cde is an unknown value
R14=0x500007fa1c7f4cde is an unknown value
R15=0x00007fa1c7d0f820 is an unknown value


Stack: [0x000070000ac40000,0x000070000ad40000],  sp=0x000070000ad3f9f0,  free space=1022k
Native frames: (J=compiled Java code, j=interpreted, Vv=VM code, C=native code)
V  [libjvm.dylib+0x446914]
V  [libjvm.dylib+0x355a0e]
C  [libjdwp.dylib+0x20780]  isMethodSynthetic+0x63
C  [libjdwp.dylib+0x51f3]  methods1+0x10b
C  [libjdwp.dylib+0x52ec]  methodsWithGeneric+0xe
C  [libjdwp.dylib+0xe898]  debugLoop_run+0x1ce
C  [libjdwp.dylib+0x1f6ba]  attachThread+0x4d
V  [libjvm.dylib+0x396d6c]
V  [libjvm.dylib+0x5612d3]
V  [libjvm.dylib+0x5629ce]
V  [libjvm.dylib+0x48343a]
C  [libsystem_pthread.dylib+0x32eb]  _pthread_body+0x7e
C  [libsystem_pthread.dylib+0x6249]  _pthread_start+0x42
C  [libsystem_pthread.dylib+0x240d]  thread_start+0xd
C  0x0000000000000000


---------------  P R O C E S S  ---------------

Java Threads: ( => current thread )
  0x00007fa1c9057800 JavaThread "ReaderThread" [_thread_in_native, id=17923, stack(0x000070000b458000,0x000070000b558000)]
  0x00007fa1c8829000 JavaThread "Service Thread" daemon [_thread_blocked, id=16643, stack(0x000070000b252000,0x000070000b352000)]
  0x00007fa1c9934800 JavaThread "C1 CompilerThread2" daemon [_thread_blocked, id=18691, stack(0x000070000b14f000,0x000070000b24f000)]
  0x00007fa1c9934000 JavaThread "C2 CompilerThread1" daemon [_thread_blocked, id=18947, stack(0x000070000b04c000,0x000070000b14c000)]
  0x00007fa1c9933000 JavaThread "C2 CompilerThread0" daemon [_thread_blocked, id=15619, stack(0x000070000af49000,0x000070000b049000)]
  0x00007fa1c9831000 JavaThread "JDWP Command Reader" daemon [_thread_in_native, id=15107, stack(0x000070000ae46000,0x000070000af46000)]
  0x00007fa1c9021000 JavaThread "JDWP Event Helper Thread" daemon [_thread_blocked, id=14595, stack(0x000070000ad43000,0x000070000ae43000)]
=>0x00007fa1c8008000 JavaThread "JDWP Transport Listener: dt_socket" daemon [_thread_in_vm, id=14087, stack(0x000070000ac40000,0x000070000ad40000)]
  0x00007fa1c8814800 JavaThread "Signal Dispatcher" daemon [_thread_blocked, id=13571, stack(0x000070000ab3d000,0x000070000ac3d000)]
  0x00007fa1c901a800 JavaThread "Finalizer" daemon [_thread_blocked, id=11779, stack(0x000070000aa3a000,0x000070000ab3a000)]
  0x00007fa1c9019800 JavaThread "Reference Handler" daemon [_thread_blocked, id=11523, stack(0x000070000a937000,0x000070000aa37000)]
  0x00007fa1c9800000 JavaThread "main" [_thread_blocked, id=9731, stack(0x000070000a325000,0x000070000a425000)]

Other Threads:
  0x00007fa1c8810000 VMThread [stack: 0x000070000a834000,0x000070000a934000] [id=20483]
  0x00007fa1c8006000 WatcherThread [stack: 0x000070000b355000,0x000070000b455000] [id=18435]

VM state:not at safepoint (normal execution)

VM Mutex/Monitor currently owned by a thread: None

Heap:
 PSYoungGen      total 38400K, used 22045K [0x0000000795580000, 0x0000000798000000, 0x00000007c0000000)
  eden space 33280K, 66% used [0x0000000795580000,0x0000000796b07658,0x0000000797600000)
  from space 5120K, 0% used [0x0000000797b00000,0x0000000797b00000,0x0000000798000000)
  to   space 5120K, 0% used [0x0000000797600000,0x0000000797600000,0x0000000797b00000)
 ParOldGen       total 87552K, used 0K [0x0000000740000000, 0x0000000745580000, 0x0000000795580000)
  object space 87552K, 0% used [0x0000000740000000,0x0000000740000000,0x0000000745580000)
 Metaspace       used 7569K, capacity 7770K, committed 7936K, reserved 1056768K
  class space    used 859K, capacity 933K, committed 1024K, reserved 1048576K

Card table byte_map: [0x000000010f189000,0x000000010f58a000] byte_map_base: 0x000000010b789000

Marking Bits: (ParMarkBitMap*) 0x000000010e6dee20
 Begin Bits: [0x000000010f835000, 0x0000000111835000)
 End Bits:   [0x0000000111835000, 0x0000000113835000)

Polling page: 0x000000010d530000

CodeCache: size=245760Kb used=2428Kb max_used=2428Kb free=243331Kb
 bounds [0x00000001172c8000, 0x0000000117538000, 0x00000001262c8000]
 total_blobs=745 nmethods=433 adapters=234
 compilation: enabled

Compilation events (10 events):
Event: 9.199 Thread 0x00007fa1c9934800  382       1       java.util.jar.Manifest::getMainAttributes (5 bytes)
Event: 9.199 Thread 0x00007fa1c9934800 nmethod 382 0x00000001175153d0 code [0x0000000117515520, 0x0000000117515630]
Event: 9.199 Thread 0x00007fa1c9934800  383       3       org.eclipse.jdt.launching.internal.org.objectweb.asm.ClassReader::getFirstAttributeOffset (136 bytes)
Event: 9.201 Thread 0x00007fa1c9934800 nmethod 383 0x0000000117514190 code [0x00000001175143a0, 0x0000000117514cb8]
Event: 32.751 Thread 0x00007fa1c9934800  432       3       org.eclipse.jdt.launching.internal.org.objectweb.asm.SymbolTable::addConstant (330 bytes)
Event: 32.756 Thread 0x00007fa1c9934800 nmethod 432 0x0000000117521010 code [0x0000000117521540, 0x0000000117525ba8]
Event: 32.756 Thread 0x00007fa1c9934800  431       3       org.eclipse.jdt.launching.internal.org.objectweb.asm.ClassVisitor::<init> (66 bytes)
Event: 32.757 Thread 0x00007fa1c9934800 nmethod 431 0x0000000117526e10 code [0x0000000117527000, 0x0000000117527978]
Event: 32.757 Thread 0x00007fa1c9934800  433       1       org.eclipse.jdt.launching.internal.org.objectweb.asm.SymbolTable::getConstantPoolCount (5 bytes)
Event: 32.757 Thread 0x00007fa1c9934800 nmethod 433 0x0000000117527dd0 code [0x0000000117527f20, 0x0000000117528030]

GC Heap History (0 events):
No events

Deoptimization events (1 events):
Event: 0.893 Thread 0x00007fa1c9800000 Uncommon trap: reason=unstable_if action=reinterpret pc=0x00000001174e9278 method=java.lang.String.replace(CC)Ljava/lang/String; @ 26

Internal exceptions (10 events):
Event: 0.253 Thread 0x00007fa1c9800000 Exception <a 'java/security/PrivilegedActionException'> (0x000000079580f0a8) thrown at [/Users/java_re/workspace/8-2-build-macosx-x86_64/jdk8u60/4407/hotspot/src/share/vm/prims/jvm.cpp, line 1386]
Event: 0.253 Thread 0x00007fa1c9800000 Exception <a 'java/security/PrivilegedActionException'> (0x000000079580f2b8) thrown at [/Users/java_re/workspace/8-2-build-macosx-x86_64/jdk8u60/4407/hotspot/src/share/vm/prims/jvm.cpp, line 1386]
Event: 0.253 Thread 0x00007fa1c9800000 Exception <a 'java/security/PrivilegedActionException'> (0x0000000795810168) thrown at [/Users/java_re/workspace/8-2-build-macosx-x86_64/jdk8u60/4407/hotspot/src/share/vm/prims/jvm.cpp, line 1386]
Event: 0.253 Thread 0x00007fa1c9800000 Exception <a 'java/security/PrivilegedActionException'> (0x0000000795810378) thrown at [/Users/java_re/workspace/8-2-build-macosx-x86_64/jdk8u60/4407/hotspot/src/share/vm/prims/jvm.cpp, line 1386]
Event: 0.885 Thread 0x00007fa1c9800000 Exception <a 'java/security/PrivilegedActionException'> (0x00000007965d28e8) thrown at [/Users/java_re/workspace/8-2-build-macosx-x86_64/jdk8u60/4407/hotspot/src/share/vm/prims/jvm.cpp, line 1386]
Event: 0.885 Thread 0x00007fa1c9800000 Exception <a 'java/security/PrivilegedActionException'> (0x00000007965d2d40) thrown at [/Users/java_re/workspace/8-2-build-macosx-x86_64/jdk8u60/4407/hotspot/src/share/vm/prims/jvm.cpp, line 1386]
Event: 0.885 Thread 0x00007fa1c9800000 Exception <a 'java/security/PrivilegedActionException'> (0x00000007965d63b0) thrown at [/Users/java_re/workspace/8-2-build-macosx-x86_64/jdk8u60/4407/hotspot/src/share/vm/prims/jvm.cpp, line 1386]
Event: 0.885 Thread 0x00007fa1c9800000 Exception <a 'java/security/PrivilegedActionException'> (0x00000007965d67a8) thrown at [/Users/java_re/workspace/8-2-build-macosx-x86_64/jdk8u60/4407/hotspot/src/share/vm/prims/jvm.cpp, line 1386]
Event: 11.583 Thread 0x00007fa1c9800000 Exception <a 'java/lang/NoSuchFieldError': method resolution failed> (0x00000007969c41c0) thrown at [/Users/java_re/workspace/8-2-build-macosx-x86_64/jdk8u60/4407/hotspot/src/share/vm/prims/methodHandles.cpp, line 1146]
Event: 11.625 Thread 0x00007fa1c9800000 Exception <a 'java/lang/NoSuchFieldError': method resolution failed> (0x00000007969d2150) thrown at [/Users/java_re/workspace/8-2-build-macosx-x86_64/jdk8u60/4407/hotspot/src/share/vm/prims/methodHandles.cpp, line 1146]

Events (10 events):
Event: 14.892 Executing VM operation: GetOrSetLocal
Event: 14.892 Executing VM operation: GetOrSetLocal done
Event: 14.893 Executing VM operation: GetOrSetLocal
Event: 14.893 Executing VM operation: GetOrSetLocal done
Event: 32.747 Executing VM operation: RedefineClasses
Event: 32.751 Executing VM operation: RedefineClasses done
Event: 32.759 Executing VM operation: ChangeBreakpoints
Event: 32.759 Executing VM operation: ChangeBreakpoints done
Event: 41.124 Executing VM operation: RedefineClasses
Event: 41.133 Executing VM operation: RedefineClasses done


Dynamic libraries:
0x0000000021da2000 	/System/Library/Frameworks/Cocoa.framework/Versions/A/Cocoa
0x0000000021da2000 	/System/Library/Frameworks/Security.framework/Versions/A/Security
0x0000000021da2000 	/System/Library/Frameworks/ApplicationServices.framework/Versions/A/ApplicationServices
0x0000000021da2000 	/usr/lib/libz.1.dylib
0x0000000021da2000 	/usr/lib/libSystem.B.dylib
0x0000000021da2000 	/usr/lib/libobjc.A.dylib
0x0000000021da2000 	/System/Library/Frameworks/CoreFoundation.framework/Versions/A/CoreFoundation
0x0000000021da2000 	/System/Library/Frameworks/Foundation.framework/Versions/C/Foundation
0x0000000021da2000 	/System/Library/Frameworks/AppKit.framework/Versions/C/AppKit
0x0000000021da2000 	/System/Library/Frameworks/CoreData.framework/Versions/A/CoreData
0x0000000021da2000 	/System/Library/PrivateFrameworks/RemoteViewServices.framework/Versions/A/RemoteViewServices
0x0000000021da2000 	/System/Library/PrivateFrameworks/UIFoundation.framework/Versions/A/UIFoundation
0x0000000021da2000 	/System/Library/PrivateFrameworks/XCTTargetBootstrap.framework/Versions/A/XCTTargetBootstrap
0x0000000021da2000 	/System/Library/Frameworks/CoreDisplay.framework/Versions/A/CoreDisplay
0x0000000021da2000 	/System/Library/PrivateFrameworks/IconServices.framework/Versions/A/IconServices
0x0000000021da2000 	/System/Library/Frameworks/Metal.framework/Versions/A/Metal
0x0000000021da2000 	/System/Library/PrivateFrameworks/DesktopServicesPriv.framework/Versions/A/DesktopServicesPriv
0x0000000021da2000 	/usr/lib/libenergytrace.dylib
0x0000000021da2000 	/System/Library/PrivateFrameworks/SkyLight.framework/Versions/A/SkyLight
0x0000000021da2000 	/System/Library/Frameworks/CoreGraphics.framework/Versions/A/CoreGraphics
0x0000000021da2000 	/System/Library/Frameworks/Accelerate.framework/Versions/A/Accelerate
0x0000000021da2000 	/System/Library/Frameworks/IOSurface.framework/Versions/A/IOSurface
0x0000000021da2000 	/System/Library/PrivateFrameworks/DFRFoundation.framework/Versions/A/DFRFoundation
0x0000000021da2000 	/System/Library/Frameworks/AudioToolbox.framework/Versions/A/AudioToolbox
0x0000000021da2000 	/System/Library/Frameworks/AudioUnit.framework/Versions/A/AudioUnit
0x0000000021da2000 	/System/Library/PrivateFrameworks/DataDetectorsCore.framework/Versions/A/DataDetectorsCore
0x0000000021da2000 	/System/Library/Frameworks/Carbon.framework/Versions/A/Frameworks/HIToolbox.framework/Versions/A/HIToolbox
0x0000000021da2000 	/usr/lib/libicucore.A.dylib
0x0000000021da2000 	/System/Library/Frameworks/QuartzCore.framework/Versions/A/QuartzCore
0x0000000021da2000 	/System/Library/Frameworks/Carbon.framework/Versions/A/Frameworks/SpeechRecognition.framework/Versions/A/SpeechRecognition
0x0000000021da2000 	/usr/lib/libauto.dylib
0x0000000021da2000 	/usr/lib/libxml2.2.dylib
0x0000000021da2000 	/System/Library/PrivateFrameworks/CoreUI.framework/Versions/A/CoreUI
0x0000000021da2000 	/System/Library/Frameworks/CoreAudio.framework/Versions/A/CoreAudio
0x0000000021da2000 	/System/Library/Frameworks/DiskArbitration.framework/Versions/A/DiskArbitration
0x0000000021da2000 	/usr/lib/liblangid.dylib
0x0000000021da2000 	/System/Library/PrivateFrameworks/MultitouchSupport.framework/Versions/A/MultitouchSupport
0x0000000021da2000 	/System/Library/Frameworks/IOKit.framework/Versions/A/IOKit
0x0000000021da2000 	/usr/lib/libDiagnosticMessagesClient.dylib
0x0000000021da2000 	/System/Library/Frameworks/CoreServices.framework/Versions/A/CoreServices
0x0000000021da2000 	/System/Library/PrivateFrameworks/PerformanceAnalysis.framework/Versions/A/PerformanceAnalysis
0x0000000021da2000 	/System/Library/Frameworks/OpenGL.framework/Versions/A/OpenGL
0x0000000021da2000 	/System/Library/Frameworks/ColorSync.framework/Versions/A/ColorSync
0x0000000021da2000 	/System/Library/Frameworks/CoreImage.framework/Versions/A/CoreImage
0x0000000021da2000 	/System/Library/Frameworks/CoreText.framework/Versions/A/CoreText
0x0000000021da2000 	/System/Library/Frameworks/ImageIO.framework/Versions/A/ImageIO
0x0000000021da2000 	/System/Library/PrivateFrameworks/Backup.framework/Versions/A/Backup
0x0000000021da2000 	/usr/lib/libarchive.2.dylib
0x0000000021da2000 	/System/Library/Frameworks/CFNetwork.framework/Versions/A/CFNetwork
0x0000000021da2000 	/System/Library/Frameworks/SystemConfiguration.framework/Versions/A/SystemConfiguration
0x0000000021da2000 	/usr/lib/libCRFSuite.dylib
0x0000000021da2000 	/usr/lib/libc++.1.dylib
0x0000000021da2000 	/usr/lib/libc++abi.dylib
0x0000000021da2000 	/usr/lib/system/libcache.dylib
0x0000000021da2000 	/usr/lib/system/libcommonCrypto.dylib
0x0000000021da2000 	/usr/lib/system/libcompiler_rt.dylib
0x0000000021da2000 	/usr/lib/system/libcopyfile.dylib
0x0000000021da2000 	/usr/lib/system/libcorecrypto.dylib
0x0000000021da2000 	/usr/lib/system/libdispatch.dylib
0x0000000021da2000 	/usr/lib/system/libdyld.dylib
0x0000000021da2000 	/usr/lib/system/libkeymgr.dylib
0x0000000021da2000 	/usr/lib/system/liblaunch.dylib
0x0000000021da2000 	/usr/lib/system/libmacho.dylib
0x0000000021da2000 	/usr/lib/system/libquarantine.dylib
0x0000000021da2000 	/usr/lib/system/libremovefile.dylib
0x0000000021da2000 	/usr/lib/system/libsystem_asl.dylib
0x0000000021da2000 	/usr/lib/system/libsystem_blocks.dylib
0x0000000021da2000 	/usr/lib/system/libsystem_c.dylib
0x0000000021da2000 	/usr/lib/system/libsystem_configuration.dylib
0x0000000021da2000 	/usr/lib/system/libsystem_coreservices.dylib
0x0000000021da2000 	/usr/lib/system/libsystem_darwin.dylib
0x0000000021da2000 	/usr/lib/system/libsystem_dnssd.dylib
0x0000000021da2000 	/usr/lib/system/libsystem_info.dylib
0x0000000021da2000 	/usr/lib/system/libsystem_m.dylib
0x0000000021da2000 	/usr/lib/system/libsystem_malloc.dylib
0x0000000021da2000 	/usr/lib/system/libsystem_networkextension.dylib
0x0000000021da2000 	/usr/lib/system/libsystem_notify.dylib
0x0000000021da2000 	/usr/lib/system/libsystem_sandbox.dylib
0x0000000021da2000 	/usr/lib/system/libsystem_secinit.dylib
0x0000000021da2000 	/usr/lib/system/libsystem_kernel.dylib
0x0000000021da2000 	/usr/lib/system/libsystem_platform.dylib
0x0000000021da2000 	/usr/lib/system/libsystem_pthread.dylib
0x0000000021da2000 	/usr/lib/system/libsystem_symptoms.dylib
0x0000000021da2000 	/usr/lib/system/libsystem_trace.dylib
0x0000000021da2000 	/usr/lib/system/libunwind.dylib
0x0000000021da2000 	/usr/lib/system/libxpc.dylib
0x0000000021da2000 	/usr/lib/libbsm.0.dylib
0x0000000021da2000 	/usr/lib/system/libkxld.dylib
0x0000000021da2000 	/System/Library/PrivateFrameworks/AppleFSCompression.framework/Versions/A/AppleFSCompression
0x0000000021da2000 	/usr/lib/libOpenScriptingUtil.dylib
0x0000000021da2000 	/usr/lib/libcoretls.dylib
0x0000000021da2000 	/usr/lib/libcoretls_cfhelpers.dylib
0x0000000021da2000 	/usr/lib/libpam.2.dylib
0x0000000021da2000 	/usr/lib/libsqlite3.dylib
0x0000000021da2000 	/usr/lib/libxar.1.dylib
0x0000000021da2000 	/usr/lib/libbz2.1.0.dylib
0x0000000021da2000 	/usr/lib/liblzma.5.dylib
0x0000000021da2000 	/usr/lib/libnetwork.dylib
0x0000000021da2000 	/usr/lib/libapple_nghttp2.dylib
0x0000000021da2000 	/usr/lib/libpcap.A.dylib
0x0000000021da2000 	/System/Library/Frameworks/CoreServices.framework/Versions/A/Frameworks/FSEvents.framework/Versions/A/FSEvents
0x0000000021da2000 	/System/Library/Frameworks/CoreServices.framework/Versions/A/Frameworks/CarbonCore.framework/Versions/A/CarbonCore
0x0000000021da2000 	/System/Library/Frameworks/CoreServices.framework/Versions/A/Frameworks/Metadata.framework/Versions/A/Metadata
0x0000000021da2000 	/System/Library/Frameworks/CoreServices.framework/Versions/A/Frameworks/OSServices.framework/Versions/A/OSServices
0x0000000021da2000 	/System/Library/Frameworks/CoreServices.framework/Versions/A/Frameworks/SearchKit.framework/Versions/A/SearchKit
0x0000000021da2000 	/System/Library/Frameworks/CoreServices.framework/Versions/A/Frameworks/AE.framework/Versions/A/AE
0x0000000021da2000 	/System/Library/Frameworks/CoreServices.framework/Versions/A/Frameworks/LaunchServices.framework/Versions/A/LaunchServices
0x0000000021da2000 	/System/Library/Frameworks/CoreServices.framework/Versions/A/Frameworks/DictionaryServices.framework/Versions/A/DictionaryServices
0x0000000021da2000 	/System/Library/Frameworks/CoreServices.framework/Versions/A/Frameworks/SharedFileList.framework/Versions/A/SharedFileList
0x0000000021da2000 	/System/Library/Frameworks/NetFS.framework/Versions/A/NetFS
0x0000000021da2000 	/System/Library/PrivateFrameworks/NetAuth.framework/Versions/A/NetAuth
0x0000000021da2000 	/System/Library/PrivateFrameworks/login.framework/Versions/A/Frameworks/loginsupport.framework/Versions/A/loginsupport
0x0000000021da2000 	/System/Library/PrivateFrameworks/TCC.framework/Versions/A/TCC
0x0000000021da2000 	/System/Library/PrivateFrameworks/CoreNLP.framework/Versions/A/CoreNLP
0x0000000021da2000 	/System/Library/PrivateFrameworks/MetadataUtilities.framework/Versions/A/MetadataUtilities
0x0000000021da2000 	/usr/lib/libmecabra.dylib
0x0000000021da2000 	/System/Library/Frameworks/ApplicationServices.framework/Versions/A/Frameworks/ATS.framework/Versions/A/ATS
0x0000000021da2000 	/System/Library/Frameworks/ApplicationServices.framework/Versions/A/Frameworks/ColorSyncLegacy.framework/Versions/A/ColorSyncLegacy
0x0000000021da2000 	/System/Library/Frameworks/ApplicationServices.framework/Versions/A/Frameworks/HIServices.framework/Versions/A/HIServices
0x0000000021da2000 	/System/Library/Frameworks/ApplicationServices.framework/Versions/A/Frameworks/LangAnalysis.framework/Versions/A/LangAnalysis
0x0000000021da2000 	/System/Library/Frameworks/ApplicationServices.framework/Versions/A/Frameworks/PrintCore.framework/Versions/A/PrintCore
0x0000000021da2000 	/System/Library/Frameworks/ApplicationServices.framework/Versions/A/Frameworks/QD.framework/Versions/A/QD
0x0000000021da2000 	/System/Library/Frameworks/ApplicationServices.framework/Versions/A/Frameworks/SpeechSynthesis.framework/Versions/A/SpeechSynthesis
0x0000000021da2000 	/usr/lib/libcompression.dylib
0x0000000021da2000 	/System/Library/Frameworks/MetalPerformanceShaders.framework/Versions/A/MetalPerformanceShaders
0x0000000021da2000 	/System/Library/Frameworks/Accelerate.framework/Versions/A/Frameworks/vImage.framework/Versions/A/vImage
0x0000000021da2000 	/System/Library/Frameworks/Accelerate.framework/Versions/A/Frameworks/vecLib.framework/Versions/A/vecLib
0x0000000021da2000 	/System/Library/Frameworks/Accelerate.framework/Versions/A/Frameworks/vecLib.framework/Versions/A/libvMisc.dylib
0x0000000021da2000 	/System/Library/Frameworks/Accelerate.framework/Versions/A/Frameworks/vecLib.framework/Versions/A/libvDSP.dylib
0x0000000021da2000 	/System/Library/Frameworks/Accelerate.framework/Versions/A/Frameworks/vecLib.framework/Versions/A/libBLAS.dylib
0x0000000021da2000 	/System/Library/Frameworks/Accelerate.framework/Versions/A/Frameworks/vecLib.framework/Versions/A/libLAPACK.dylib
0x0000000021da2000 	/System/Library/Frameworks/Accelerate.framework/Versions/A/Frameworks/vecLib.framework/Versions/A/libLinearAlgebra.dylib
0x0000000021da2000 	/System/Library/Frameworks/Accelerate.framework/Versions/A/Frameworks/vecLib.framework/Versions/A/libSparseBLAS.dylib
0x0000000021da2000 	/System/Library/Frameworks/Accelerate.framework/Versions/A/Frameworks/vecLib.framework/Versions/A/libQuadrature.dylib
0x0000000021da2000 	/System/Library/Frameworks/Accelerate.framework/Versions/A/Frameworks/vecLib.framework/Versions/A/libBNNS.dylib
0x0000000021da2000 	/System/Library/Frameworks/Accelerate.framework/Versions/A/Frameworks/vecLib.framework/Versions/A/libSparse.dylib
0x0000000021da2000 	/System/Library/PrivateFrameworks/GPUWrangler.framework/Versions/A/GPUWrangler
0x0000000021da2000 	/System/Library/PrivateFrameworks/IOAccelerator.framework/Versions/A/IOAccelerator
0x0000000021da2000 	/System/Library/PrivateFrameworks/IOPresentment.framework/Versions/A/IOPresentment
0x0000000021da2000 	/System/Library/PrivateFrameworks/DSExternalDisplay.framework/Versions/A/DSExternalDisplay
0x0000000021da2000 	/System/Library/Frameworks/OpenGL.framework/Versions/A/Libraries/libCoreFSCache.dylib
0x0000000021da2000 	/System/Library/Frameworks/MetalPerformanceShaders.framework/Frameworks/MPSCore.framework/Versions/A/MPSCore
0x0000000021da2000 	/System/Library/Frameworks/MetalPerformanceShaders.framework/Frameworks/MPSImage.framework/Versions/A/MPSImage
0x0000000021da2000 	/System/Library/Frameworks/MetalPerformanceShaders.framework/Frameworks/MPSNeuralNetwork.framework/Versions/A/MPSNeuralNetwork
0x0000000021da2000 	/System/Library/Frameworks/MetalPerformanceShaders.framework/Frameworks/MPSMatrix.framework/Versions/A/MPSMatrix
0x0000000021da2000 	/System/Library/Frameworks/MetalPerformanceShaders.framework/Frameworks/MPSRayIntersector.framework/Versions/A/MPSRayIntersector
0x0000000021da2000 	/System/Library/PrivateFrameworks/MetalTools.framework/Versions/A/MetalTools
0x0000000021da2000 	/System/Library/PrivateFrameworks/AggregateDictionary.framework/Versions/A/AggregateDictionary
0x0000000021da2000 	/usr/lib/libMobileGestalt.dylib
0x0000000021da2000 	/System/Library/Frameworks/CoreVideo.framework/Versions/A/CoreVideo
0x0000000021da2000 	/System/Library/PrivateFrameworks/GraphVisualizer.framework/Versions/A/GraphVisualizer
0x0000000021da2000 	/System/Library/PrivateFrameworks/FaceCore.framework/Versions/A/FaceCore
0x0000000021da2000 	/System/Library/Frameworks/OpenCL.framework/Versions/A/OpenCL
0x0000000021da2000 	/usr/lib/libFosl_dynamic.dylib
0x0000000021da2000 	/System/Library/PrivateFrameworks/OTSVG.framework/Versions/A/OTSVG
0x0000000021da2000 	/System/Library/Frameworks/ApplicationServices.framework/Versions/A/Frameworks/ATS.framework/Versions/A/Resources/libFontParser.dylib
0x0000000021da2000 	/System/Library/Frameworks/ApplicationServices.framework/Versions/A/Frameworks/ATS.framework/Versions/A/Resources/libFontRegistry.dylib
0x0000000021da2000 	/System/Library/Frameworks/ImageIO.framework/Versions/A/Resources/libJPEG.dylib
0x0000000021da2000 	/System/Library/Frameworks/ImageIO.framework/Versions/A/Resources/libTIFF.dylib
0x0000000021da2000 	/System/Library/Frameworks/ImageIO.framework/Versions/A/Resources/libPng.dylib
0x0000000021da2000 	/System/Library/Frameworks/ImageIO.framework/Versions/A/Resources/libGIF.dylib
0x0000000021da2000 	/System/Library/Frameworks/ImageIO.framework/Versions/A/Resources/libJP2.dylib
0x0000000021da2000 	/System/Library/Frameworks/ImageIO.framework/Versions/A/Resources/libRadiance.dylib
0x0000000021da2000 	/System/Library/PrivateFrameworks/AppleJPEG.framework/Versions/A/AppleJPEG
0x0000000021da2000 	/System/Library/Frameworks/OpenGL.framework/Versions/A/Libraries/libGFXShared.dylib
0x0000000021da2000 	/System/Library/Frameworks/OpenGL.framework/Versions/A/Libraries/libGLU.dylib
0x0000000021da2000 	/System/Library/Frameworks/OpenGL.framework/Versions/A/Libraries/libGL.dylib
0x0000000021da2000 	/System/Library/Frameworks/OpenGL.framework/Versions/A/Libraries/libGLImage.dylib
0x0000000021da2000 	/System/Library/Frameworks/OpenGL.framework/Versions/A/Libraries/libCVMSPluginSupport.dylib
0x0000000021da2000 	/System/Library/Frameworks/OpenGL.framework/Versions/A/Libraries/libCoreVMClient.dylib
0x0000000021da2000 	/usr/lib/libcups.2.dylib
0x0000000021da2000 	/System/Library/Frameworks/Kerberos.framework/Versions/A/Kerberos
0x0000000021da2000 	/System/Library/Frameworks/GSS.framework/Versions/A/GSS
0x0000000021da2000 	/usr/lib/libresolv.9.dylib
0x0000000021da2000 	/usr/lib/libiconv.2.dylib
0x0000000021da2000 	/System/Library/PrivateFrameworks/Heimdal.framework/Versions/A/Heimdal
0x0000000021da2000 	/usr/lib/libheimdal-asn1.dylib
0x0000000021da2000 	/System/Library/Frameworks/OpenDirectory.framework/Versions/A/OpenDirectory
0x0000000021da2000 	/System/Library/PrivateFrameworks/CommonAuth.framework/Versions/A/CommonAuth
0x0000000021da2000 	/System/Library/Frameworks/OpenDirectory.framework/Versions/A/Frameworks/CFOpenDirectory.framework/Versions/A/CFOpenDirectory
0x0000000021da2000 	/System/Library/Frameworks/SecurityFoundation.framework/Versions/A/SecurityFoundation
0x0000000021da2000 	/System/Library/PrivateFrameworks/APFS.framework/Versions/A/APFS
0x0000000021da2000 	/usr/lib/libutil.dylib
0x0000000021da2000 	/usr/lib/libcharset.1.dylib
0x0000000021da2000 	/System/Library/PrivateFrameworks/AppleSauce.framework/Versions/A/AppleSauce
0x0000000021da2000 	/System/Library/PrivateFrameworks/AssertionServices.framework/Versions/A/AssertionServices
0x0000000021da2000 	/System/Library/PrivateFrameworks/BaseBoard.framework/Versions/A/BaseBoard
0x0000000021da2000 	/usr/lib/libmecab.1.0.0.dylib
0x0000000021da2000 	/usr/lib/libgermantok.dylib
0x0000000021da2000 	/usr/lib/libThaiTokenizer.dylib
0x0000000021da2000 	/usr/lib/libChineseTokenizer.dylib
0x0000000021da2000 	/System/Library/PrivateFrameworks/LanguageModeling.framework/Versions/A/LanguageModeling
0x0000000021da2000 	/System/Library/PrivateFrameworks/CoreEmoji.framework/Versions/A/CoreEmoji
0x0000000021da2000 	/System/Library/PrivateFrameworks/Lexicon.framework/Versions/A/Lexicon
0x0000000021da2000 	/System/Library/PrivateFrameworks/LinguisticData.framework/Versions/A/LinguisticData
0x0000000021da2000 	/usr/lib/libcmph.dylib
0x0000000021da2000 	/System/Library/Frameworks/ServiceManagement.framework/Versions/A/ServiceManagement
0x0000000021da2000 	/System/Library/PrivateFrameworks/BackgroundTaskManagement.framework/Versions/A/BackgroundTaskManagement
0x0000000021da2000 	/usr/lib/libxslt.1.dylib
0x0000000021da2000 	/System/Library/Frameworks/Carbon.framework/Versions/A/Frameworks/Ink.framework/Versions/A/Ink
0x0000000021da2000 	/System/Library/PrivateFrameworks/TextureIO.framework/Versions/A/TextureIO
0x0000000021da2000 	/usr/lib/libate.dylib
0x0000000021da2000 	/System/Library/PrivateFrameworks/CrashReporterSupport.framework/Versions/A/CrashReporterSupport
0x0000000021da2000 	/System/Library/PrivateFrameworks/Sharing.framework/Versions/A/Sharing
0x0000000021da2000 	/System/Library/PrivateFrameworks/AuthKit.framework/Versions/A/AuthKit
0x0000000021da2000 	/System/Library/PrivateFrameworks/Apple80211.framework/Versions/A/Apple80211
0x0000000021da2000 	/System/Library/PrivateFrameworks/CoreUtils.framework/Versions/A/CoreUtils
0x0000000021da2000 	/System/Library/Frameworks/CoreWLAN.framework/Versions/A/CoreWLAN
0x0000000021da2000 	/System/Library/Frameworks/IOBluetooth.framework/Versions/A/IOBluetooth
0x0000000021da2000 	/System/Library/PrivateFrameworks/ProtocolBuffer.framework/Versions/A/ProtocolBuffer
0x0000000021da2000 	/System/Library/PrivateFrameworks/MobileKeyBag.framework/Versions/A/MobileKeyBag
0x0000000021da2000 	/System/Library/PrivateFrameworks/CorePhoneNumbers.framework/Versions/A/CorePhoneNumbers
0x0000000021da2000 	/System/Library/PrivateFrameworks/AppleIDAuthSupport.framework/Versions/A/AppleIDAuthSupport
0x0000000021da2000 	/System/Library/PrivateFrameworks/KeychainCircle.framework/Versions/A/KeychainCircle
0x0000000021da2000 	/System/Library/PrivateFrameworks/ROCKit.framework/Versions/A/ROCKit
0x0000000021da2000 	/System/Library/PrivateFrameworks/CoreWiFi.framework/Versions/A/CoreWiFi
0x0000000021da2000 	/System/Library/Frameworks/CoreBluetooth.framework/Versions/A/CoreBluetooth
0x0000000021da2000 	/System/Library/PrivateFrameworks/DebugSymbols.framework/Versions/A/DebugSymbols
0x0000000021da2000 	/System/Library/PrivateFrameworks/CoreSymbolication.framework/Versions/A/CoreSymbolication
0x0000000021da2000 	/System/Library/PrivateFrameworks/Symbolication.framework/Versions/A/Symbolication
0x0000000021da2000 	/System/Library/PrivateFrameworks/SpeechRecognitionCore.framework/Versions/A/SpeechRecognitionCore
0x000000010de00000 	/Library/Java/JavaVirtualMachines/jdk1.8.0_60.jdk/Contents/Home/jre/lib/server/libjvm.dylib
0x0000000021da2000 	/usr/lib/libstdc++.6.dylib
0x000000010d4ed000 	/Library/Java/JavaVirtualMachines/jdk1.8.0_60.jdk/Contents/Home/jre/lib/libverify.dylib
0x000000010d4fb000 	/Library/Java/JavaVirtualMachines/jdk1.8.0_60.jdk/Contents/Home/jre/lib/libjava.dylib
0x000000010d531000 	/Library/Java/JavaVirtualMachines/jdk1.8.0_60.jdk/Contents/Home/jre/lib/libjdwp.dylib
0x000000010d57c000 	/Library/Java/JavaVirtualMachines/jdk1.8.0_60.jdk/Contents/Home/jre/lib/libnpt.dylib
0x000000010d580000 	/Library/Java/JavaVirtualMachines/jdk1.8.0_60.jdk/Contents/Home/jre/lib/libinstrument.dylib
0x000000010d5dd000 	/Library/Java/JavaVirtualMachines/jdk1.8.0_60.jdk/Contents/Home/jre/lib/libzip.dylib
0x0000000021da2000 	/System/Library/Frameworks/JavaVM.framework/Versions/A/Frameworks/JavaRuntimeSupport.framework/Versions/A/JavaRuntimeSupport
0x0000000021da2000 	/System/Library/Frameworks/JavaVM.framework/Versions/A/Frameworks/JavaNativeFoundation.framework/Versions/A/JavaNativeFoundation
0x0000000021da2000 	/System/Library/Frameworks/JavaVM.framework/Versions/A/JavaVM
0x0000000021da2000 	/System/Library/Frameworks/Carbon.framework/Versions/A/Carbon
0x0000000021da2000 	/System/Library/PrivateFrameworks/JavaLaunching.framework/Versions/A/JavaLaunching
0x0000000021da2000 	/System/Library/Frameworks/Carbon.framework/Versions/A/Frameworks/CommonPanels.framework/Versions/A/CommonPanels
0x0000000021da2000 	/System/Library/Frameworks/Carbon.framework/Versions/A/Frameworks/Help.framework/Versions/A/Help
0x0000000021da2000 	/System/Library/Frameworks/Carbon.framework/Versions/A/Frameworks/ImageCapture.framework/Versions/A/ImageCapture
0x0000000021da2000 	/System/Library/Frameworks/Carbon.framework/Versions/A/Frameworks/OpenScripting.framework/Versions/A/OpenScripting
0x0000000021da2000 	/System/Library/Frameworks/Carbon.framework/Versions/A/Frameworks/Print.framework/Versions/A/Print
0x0000000021da2000 	/System/Library/Frameworks/Carbon.framework/Versions/A/Frameworks/SecurityHI.framework/Versions/A/SecurityHI
0x0000000117115000 	/Library/Java/JavaVirtualMachines/jdk1.8.0_60.jdk/Contents/Home/jre/lib/libdt_socket.dylib
0x00000001263a3000 	/Library/Java/JavaVirtualMachines/jdk1.8.0_60.jdk/Contents/Home/jre/lib/libnet.dylib

VM Arguments:
jvm_args: -agentlib:jdwp=transport=dt_socket,suspend=y,address=localhost:49705 -ea -javaagent:/Applications/Eclipse.app/Contents/Eclipse/configuration/org.eclipse.osgi/776/0/.cp/lib/javaagent-shaded.jar -Dfile.encoding=UTF-8 
java_command: org.eclipse.jdt.internal.junit.runner.RemoteTestRunner -version 3 -port 49704 -testLoaderClass org.eclipse.jdt.internal.junit4.runner.JUnit4TestLoader -loaderpluginname org.eclipse.jdt.junit4.runtime -classNames com.github.deutschebank.symphony.stream.cluster.MajorityClusterTest
java_class_path (initial): /Users/robmoffat/Documents/symphony/symphony-java-client-parent/shared-stream/target/test-classes:/Users/robmoffat/Documents/symphony/symphony-java-client-parent/shared-stream/target/classes:/Users/robmoffat/Documents/symphony/symphony-java-client-parent/bindings/target/classes:/Users/robmoffat/.m2/repository/io/swagger/core/v3/swagger-annotations/2.0.8/swagger-annotations-2.0.8.jar:/Users/robmoffat/.m2/repository/com/fasterxml/jackson/jaxrs/jackson-jaxrs-json-provider/2.10.0/jackson-jaxrs-json-provider-2.10.0.jar:/Users/robmoffat/.m2/repository/com/fasterxml/jackson/jaxrs/jackson-jaxrs-base/2.10.0/jackson-jaxrs-base-2.10.0.jar:/Users/robmoffat/.m2/repository/com/fasterxml/jackson/module/jackson-module-jaxb-annotations/2.10.0/jackson-module-jaxb-annotations-2.10.0.jar:/Users/robmoffat/.m2/repository/jakarta/activation/jakarta.activation-api/1.2.1/jakarta.activation-api-1.2.1.jar:/Users/robmoffat/.m2/repository/jakarta/ws/rs/jakarta.ws.rs-api/2.1.5/jakarta.ws.rs-api-2.1.5.jar:/Users/robmoffat/Documents/symphony/symphony-java-client-parent/identity/target/classes:/Users/robmoffat/.m2/repository/com/fasterxml/jackson/core/jackson-annotations/2.10.0/jackson-annotations-2.10.0.jar:/Users/robmoffat/.m2/repository/com/fasterxml/jackson/core/jackson-databind/2.10.0/jackson-databind-2.10.0.jar:/Users/robmoffat/.m2/repository/com/fasterxml/jackson/core/jackson-core/2.10.0/jackson-core-2.10.0.jar:/Users/robmoffat/Documents/symphony/symphony-java-client-parent/entity-json/target/classes:/Users/robmoffat/.m2/repository/junit/junit/4.11/junit-4.11.jar:/Users/robmoffat/.m2/repository/org/hamcrest/hamcrest-core/1.3/hamcrest-core-1.3.jar:/Users/robmoffat/.m2/repository/org/apache/cxf/cxf-rt-rs-client/3.3.1/cxf-rt-rs-client-3.3.1.jar:/Users/robmoffat/.m2/repository/org/apache/cxf/cxf-rt-transports-http/3.3.1/cxf-rt-transports-http-3.3.1.jar:/Users/robmoffat/.m2/repository/org/apache/cxf/cxf-core/3.3.1/cxf-core-3.3.1.jar:/Users/robmoffat/.m2/repository/org
Launcher Type: SUN_STANDARD

Environment Variables:
PATH=/usr/bin:/bin:/usr/sbin:/sbin
SHELL=/bin/bash

Signal Handlers:
SIGSEGV: [libjvm.dylib+0x5a6d31], sa_mask[0]=11111111011111110111111111111111, sa_flags=SA_ONSTACK|SA_RESTART|SA_SIGINFO
SIGBUS: [libjvm.dylib+0x5a6d31], sa_mask[0]=11111111011111110111111111111111, sa_flags=SA_RESTART|SA_SIGINFO
SIGFPE: [libjvm.dylib+0x480a4c], sa_mask[0]=11111111011111110111111111111111, sa_flags=SA_RESTART|SA_SIGINFO
SIGPIPE: [libjvm.dylib+0x480a4c], sa_mask[0]=11111111011111110111111111111111, sa_flags=SA_RESTART|SA_SIGINFO
SIGXFSZ: [libjvm.dylib+0x480a4c], sa_mask[0]=11111111011111110111111111111111, sa_flags=SA_RESTART|SA_SIGINFO
SIGILL: [libjvm.dylib+0x480a4c], sa_mask[0]=11111111011111110111111111111111, sa_flags=SA_RESTART|SA_SIGINFO
SIGUSR1: SIG_DFL, sa_mask[0]=00000000000000000000000000000000, sa_flags=none
SIGUSR2: [libjvm.dylib+0x48056a], sa_mask[0]=00100000000000000000000000000000, sa_flags=SA_RESTART|SA_SIGINFO
SIGHUP: [libjvm.dylib+0x47eb41], sa_mask[0]=11111111011111110111111111111111, sa_flags=SA_RESTART|SA_SIGINFO
SIGINT: [libjvm.dylib+0x47eb41], sa_mask[0]=11111111011111110111111111111111, sa_flags=SA_RESTART|SA_SIGINFO
SIGTERM: [libjvm.dylib+0x47eb41], sa_mask[0]=11111111011111110111111111111111, sa_flags=SA_RESTART|SA_SIGINFO
SIGQUIT: [libjvm.dylib+0x47eb41], sa_mask[0]=11111111011111110111111111111111, sa_flags=SA_RESTART|SA_SIGINFO


---------------  S Y S T E M  ---------------

OS:Bsduname:Darwin 18.7.0 Darwin Kernel Version 18.7.0: Tue Aug 20 16:57:14 PDT 2019; root:xnu-4903.271.2~2/RELEASE_X86_64 x86_64
rlimit: STACK 8192k, CORE 0k, NPROC 709, NOFILE 10240, AS infinity
load average:2.72 2.23 2.12

CPU:total 4 (2 cores per cpu, 2 threads per core) family 6 model 69 stepping 1, cmov, cx8, fxsr, mmx, sse, sse2, sse3, ssse3, sse4.1, sse4.2, popcnt, avx, avx2, aes, clmul, erms, lzcnt, ht, tsc, tscinvbit, bmi1, bmi2

Memory: 4k page, physical 8388608k(731808k free)

/proc/meminfo:


vm_info: Java HotSpot(TM) 64-Bit Server VM (25.60-b23) for bsd-amd64 JRE (1.8.0_60-b27), built on Aug  4 2015 10:47:24 by "java_re" with gcc 4.2.1 (Based on Apple Inc. build 5658) (LLVM build 2336.11.00)

time: Wed Apr  1 09:53:07 2020
elapsed time: 41 seconds (0d 0h 0m 41s)

